<?xml version="1.0" encoding="UTF-8"?>
<!-- Generated by org.testng.reporters.JUnitReportReporter -->
<testsuite hostname="DESKTOP-Q67ICK7" failures="0" tests="1" name="SearchProductTest" time="44.775" errors="0" timestamp="19 Sep 2022 04:47:28 GMT">
  <testcase classname="SearchProductTest" name="searchProductTest" time="44.775"/>
</testsuite> <!-- SearchProductTest -->
