<?xml version="1.0" encoding="UTF-8"?>
<!-- Generated by org.testng.reporters.JUnitReportReporter -->
<testsuite hostname="DESKTOP-Q67ICK7" failures="0" tests="1" name="flipkart.SearchProductTest" time="22.404" errors="0" timestamp="30 Sep 2022 08:06:02 GMT">
  <testcase classname="flipkart.SearchProductTest" name="searchProductTest" time="22.404"/>
</testsuite> <!-- flipkart.SearchProductTest -->
